<?xml version="1.0" encoding="UTF-8"?>
<testng-results ignored="0" total="1" passed="1" failed="0" skipped="0">
  <reporter-output>
  </reporter-output>
  <suite started-at="2022-11-13T21:19:50 IST" name="Default suite" finished-at="2022-11-13T21:20:04 IST" duration-ms="14691">
    <groups>
    </groups>
    <test started-at="2022-11-13T21:19:50 IST" name="Default test" finished-at="2022-11-13T21:20:04 IST" duration-ms="14691">
      <class name="com.dataProviderDemo.testCases.ForgetPasswordTest">
        <test-method is-config="true" signature="loadCofig()[pri:0, instance:com.dataProviderDemo.testCases.ForgetPasswordTest@7ed7259e]" started-at="2022-11-13T21:19:50 IST" name="loadCofig" finished-at="2022-11-13T21:19:50 IST" duration-ms="10" status="PASS">
          <reporter-output>
          </reporter-output>
        </test-method> <!-- loadCofig -->
        <test-method signature="forgetPasswordTest(java.lang.String)[pri:0, instance:com.dataProviderDemo.testCases.ForgetPasswordTest@7ed7259e]" started-at="2022-11-13T21:19:51 IST" name="forgetPasswordTest" data-provider="forgetPasswordData" finished-at="2022-11-13T21:20:04 IST" duration-ms="13544" status="PASS">
          <params>
            <param index="0">
              <value>
                <![CDATA[admin]]>
              </value>
            </param>
          </params>
          <reporter-output>
          </reporter-output>
        </test-method> <!-- forgetPasswordTest -->
      </class> <!-- com.dataProviderDemo.testCases.ForgetPasswordTest -->
    </test> <!-- Default test -->
  </suite> <!-- Default suite -->
</testng-results>
